  CObject.cpp
  imgui_impl_dx9.cpp
  imgui.cpp
  imgui_draw.cpp
  imgui_widgets.cpp
  imgui_impl_win32.cpp
  ImRender.cpp
  LoL base.cpp
  offsets.cpp
  stdafx.cpp
C:\Users\wcat\Desktop\lolbase-imgui-10.16-master\LoL base\CObject.h(89,35): error C2065: 'oGetFirstObject': undeclared identifier (compiling source file ImRender.cpp)
C:\Users\wcat\Desktop\lolbase-imgui-10.16-master\LoL base\CObject.h(89,74): error C2065: 'oObjManager': undeclared identifier (compiling source file ImRender.cpp)
C:\Users\wcat\Desktop\lolbase-imgui-10.16-master\LoL base\CObject.h(95,34): error C2065: 'oGetNextObject': undeclared identifier (compiling source file ImRender.cpp)
C:\Users\wcat\Desktop\lolbase-imgui-10.16-master\LoL base\CObject.h(95,72): error C2065: 'oObjManager': undeclared identifier (compiling source file ImRender.cpp)
C:\Users\wcat\Desktop\lolbase-imgui-10.16-master\LoL base\CObject.h(99,34): error C2065: 'oObjIndex': undeclared identifier (compiling source file ImRender.cpp)
C:\Users\wcat\Desktop\lolbase-imgui-10.16-master\LoL base\CObject.h(103,34): error C2065: 'oObjNetworkID': undeclared identifier (compiling source file ImRender.cpp)
C:\Users\wcat\Desktop\lolbase-imgui-10.16-master\LoL base\CObject.h(107,35): error C2065: 'oObjPos': undeclared identifier (compiling source file ImRender.cpp)
C:\Users\wcat\Desktop\lolbase-imgui-10.16-master\LoL base\CObject.h(111,32): error C2065: 'oObjLevel': undeclared identifier (compiling source file ImRender.cpp)
C:\Users\wcat\Desktop\lolbase-imgui-10.16-master\LoL base\CObject.h(115,34): error C2065: 'oObjHealth': undeclared identifier (compiling source file ImRender.cpp)
C:\Users\wcat\Desktop\lolbase-imgui-10.16-master\LoL base\CObject.h(119,34): error C2065: 'oObjBaseAtk': undeclared identifier (compiling source file ImRender.cpp)
C:\Users\wcat\Desktop\lolbase-imgui-10.16-master\LoL base\CObject.h(124,34): error C2065: 'oObjBonusAtk': undeclared identifier (compiling source file ImRender.cpp)
C:\Users\wcat\Desktop\lolbase-imgui-10.16-master\LoL base\CObject.h(132,34): error C2065: 'oObjArmor': undeclared identifier (compiling source file ImRender.cpp)
C:\Users\wcat\Desktop\lolbase-imgui-10.16-master\LoL base\CObject.h(136,34): error C2065: 'oObjHealth': undeclared identifier (compiling source file ImRender.cpp)
C:\Users\wcat\Desktop\lolbase-imgui-10.16-master\LoL base\CObject.h(140,34): error C2065: 'oObjAtkRange': undeclared identifier (compiling source file ImRender.cpp)
C:\Users\wcat\Desktop\lolbase-imgui-10.16-master\LoL base\CObject.h(144,33): error C2065: 'oObjVisibility': undeclared identifier (compiling source file ImRender.cpp)
C:\Users\wcat\Desktop\lolbase-imgui-10.16-master\LoL base\CObject.h(171,31): error C2065: 'oObjName': undeclared identifier (compiling source file ImRender.cpp)
C:\Users\wcat\Desktop\lolbase-imgui-10.16-master\LoL base\CObject.h(175,31): error C2065: 'oObjChampionName': undeclared identifier (compiling source file ImRender.cpp)
C:\Users\wcat\Desktop\lolbase-imgui-10.16-master\LoL base\CObject.h(179,32): error C2065: 'oObjTeam': undeclared identifier (compiling source file ImRender.cpp)
C:\Users\wcat\Desktop\lolbase-imgui-10.16-master\LoL base\CObject.h(183,42): error C2065: 'oObjSpellBook': undeclared identifier (compiling source file ImRender.cpp)
C:\Users\wcat\Desktop\lolbase-imgui-10.16-master\LoL base\CObject.h(89,35): error C2065: 'oGetFirstObject': undeclared identifier (compiling source file CObject.cpp)
C:\Users\wcat\Desktop\lolbase-imgui-10.16-master\LoL base\CObject.h(89,74): error C2065: 'oObjManager': undeclared identifier (compiling source file CObject.cpp)
C:\Users\wcat\Desktop\lolbase-imgui-10.16-master\LoL base\CObject.h(95,34): error C2065: 'oGetNextObject': undeclared identifier (compiling source file CObject.cpp)
C:\Users\wcat\Desktop\lolbase-imgui-10.16-master\LoL base\CObject.h(95,72): error C2065: 'oObjManager': undeclared identifier (compiling source file CObject.cpp)
C:\Users\wcat\Desktop\lolbase-imgui-10.16-master\LoL base\CObject.h(99,34): error C2065: 'oObjIndex': undeclared identifier (compiling source file CObject.cpp)
C:\Users\wcat\Desktop\lolbase-imgui-10.16-master\LoL base\CObject.h(103,34): error C2065: 'oObjNetworkID': undeclared identifier (compiling source file CObject.cpp)
C:\Users\wcat\Desktop\lolbase-imgui-10.16-master\LoL base\CObject.h(107,35): error C2065: 'oObjPos': undeclared identifier (compiling source file CObject.cpp)
C:\Users\wcat\Desktop\lolbase-imgui-10.16-master\LoL base\CObject.h(111,32): error C2065: 'oObjLevel': undeclared identifier (compiling source file CObject.cpp)
C:\Users\wcat\Desktop\lolbase-imgui-10.16-master\LoL base\CObject.h(115,34): error C2065: 'oObjHealth': undeclared identifier (compiling source file CObject.cpp)
C:\Users\wcat\Desktop\lolbase-imgui-10.16-master\LoL base\CObject.h(119,34): error C2065: 'oObjBaseAtk': undeclared identifier (compiling source file CObject.cpp)
C:\Users\wcat\Desktop\lolbase-imgui-10.16-master\LoL base\CObject.h(124,34): error C2065: 'oObjBonusAtk': undeclared identifier (compiling source file CObject.cpp)
C:\Users\wcat\Desktop\lolbase-imgui-10.16-master\LoL base\CObject.h(132,34): error C2065: 'oObjArmor': undeclared identifier (compiling source file CObject.cpp)
C:\Users\wcat\Desktop\lolbase-imgui-10.16-master\LoL base\CObject.h(136,34): error C2065: 'oObjHealth': undeclared identifier (compiling source file CObject.cpp)
C:\Users\wcat\Desktop\lolbase-imgui-10.16-master\LoL base\CObject.h(140,34): error C2065: 'oObjAtkRange': undeclared identifier (compiling source file CObject.cpp)
C:\Users\wcat\Desktop\lolbase-imgui-10.16-master\LoL base\CObject.h(144,33): error C2065: 'oObjVisibility': undeclared identifier (compiling source file CObject.cpp)
C:\Users\wcat\Desktop\lolbase-imgui-10.16-master\LoL base\CObject.h(171,31): error C2065: 'oObjName': undeclared identifier (compiling source file CObject.cpp)
C:\Users\wcat\Desktop\lolbase-imgui-10.16-master\LoL base\CObject.h(175,31): error C2065: 'oObjChampionName': undeclared identifier (compiling source file CObject.cpp)
C:\Users\wcat\Desktop\lolbase-imgui-10.16-master\LoL base\CObject.h(179,32): error C2065: 'oObjTeam': undeclared identifier (compiling source file CObject.cpp)
C:\Users\wcat\Desktop\lolbase-imgui-10.16-master\LoL base\CObject.h(183,42): error C2065: 'oObjSpellBook': undeclared identifier (compiling source file CObject.cpp)
C:\Users\wcat\Desktop\lolbase-imgui-10.16-master\LoL base\CObjectManager.h(12,56): error C2065: 'oObjManager': undeclared identifier (compiling source file CObject.cpp)
C:\Users\wcat\Desktop\lolbase-imgui-10.16-master\LoL base\CObjectManager.h(12,71): error C2065: 'objectArray': undeclared identifier (compiling source file CObject.cpp)
C:\Users\wcat\Desktop\lolbase-imgui-10.16-master\LoL base\CObjectManager.h(14,1): error C3536: 'objectList': cannot be used before it is initialized (compiling source file CObject.cpp)
C:\Users\wcat\Desktop\lolbase-imgui-10.16-master\LoL base\CObjectManager.h(14,1): error C2109: subscript requires array or pointer type (compiling source file CObject.cpp)
C:\Users\wcat\Desktop\lolbase-imgui-10.16-master\LoL base\CObjectManager.h(17,1): error C2109: subscript requires array or pointer type (compiling source file CObject.cpp)
C:\Users\wcat\Desktop\lolbase-imgui-10.16-master\LoL base\CObjectManager.h(26,57): error C2065: 'oObjManager': undeclared identifier (compiling source file CObject.cpp)
C:\Users\wcat\Desktop\lolbase-imgui-10.16-master\LoL base\CObjectManager.h(26,72): error C2065: 'objectArray': undeclared identifier (compiling source file CObject.cpp)
C:\Users\wcat\Desktop\lolbase-imgui-10.16-master\LoL base\CObjectManager.h(27,1): error C3536: 'objectList': cannot be used before it is initialized (compiling source file CObject.cpp)
C:\Users\wcat\Desktop\lolbase-imgui-10.16-master\LoL base\CObjectManager.h(33,1): error C2109: subscript requires array or pointer type (compiling source file CObject.cpp)
C:\Users\wcat\Desktop\lolbase-imgui-10.16-master\LoL base\CObjectManager.h(34,1): error C3536: 'obj': cannot be used before it is initialized (compiling source file CObject.cpp)
C:\Users\wcat\Desktop\lolbase-imgui-10.16-master\LoL base\CObjectManager.h(34,1): error C2446: '==': no conversion from 'nullptr' to 'int' (compiling source file CObject.cpp)
C:\Users\wcat\Desktop\lolbase-imgui-10.16-master\LoL base\CObjectManager.h(34,16): message : A native nullptr can only be converted to bool or, using reinterpret_cast, to an integral type (compiling source file CObject.cpp)
C:\Users\wcat\Desktop\lolbase-imgui-10.16-master\LoL base\CObjectManager.h(38,1): error C2440: 'return': cannot convert from 'int' to 'CObject *' (compiling source file CObject.cpp)
C:\Users\wcat\Desktop\lolbase-imgui-10.16-master\LoL base\CObjectManager.h(38,13): message : Conversion from integral type to pointer type requires reinterpret_cast, C-style cast or function-style cast (compiling source file CObject.cpp)
C:\Users\wcat\Desktop\lolbase-imgui-10.16-master\LoL base\Engine.h(14,51): error C2065: 'oHudInstance': undeclared identifier (compiling source file CObject.cpp)
C:\Users\wcat\Desktop\lolbase-imgui-10.16-master\LoL base\Engine.h(28,31): error C2065: 'oGameTime': undeclared identifier (compiling source file CObject.cpp)
C:\Users\wcat\Desktop\lolbase-imgui-10.16-master\LoL base\Engine.h(32,39): error C2065: 'oLocalPlayer': undeclared identifier (compiling source file CObject.cpp)
C:\Users\wcat\Desktop\lolbase-imgui-10.16-master\LoL base\Engine.h(33,1): error C3536: 'retaddr': cannot be used before it is initialized (compiling source file CObject.cpp)
C:\Users\wcat\Desktop\lolbase-imgui-10.16-master\LoL base\Engine.h(40,52): error C2065: 'oPrintChat': undeclared identifier (compiling source file CObject.cpp)
C:\Users\wcat\Desktop\lolbase-imgui-10.16-master\LoL base\Engine.h(41,36): error C2065: 'oChatClientPtr': undeclared identifier (compiling source file CObject.cpp)
C:\Users\wcat\Desktop\lolbase-imgui-10.16-master\LoL base\Engine.h(65,33): error C2065: 'oObjSpellBook': undeclared identifier (compiling source file CObject.cpp)
C:\Users\wcat\Desktop\lolbase-imgui-10.16-master\LoL base\Engine.h(67,1): error C3536: 'spellbook': cannot be used before it is initialized (compiling source file CObject.cpp)
C:\Users\wcat\Desktop\lolbase-imgui-10.16-master\LoL base\Engine.h(72,32): error C2065: 'oObjSpellBook': undeclared identifier (compiling source file CObject.cpp)
C:\Users\wcat\Desktop\lolbase-imgui-10.16-master\LoL base\Engine.h(76,1): error C3536: 'spellbook': cannot be used before it is initialized (compiling source file CObject.cpp)
C:\Users\wcat\Desktop\lolbase-imgui-10.16-master\LoL base\Engine.h(80,32): error C2065: 'oObjSpellBook': undeclared identifier (compiling source file CObject.cpp)
C:\Users\wcat\Desktop\lolbase-imgui-10.16-master\LoL base\Engine.h(83,1): error C3536: 'spellbook': cannot be used before it is initialized (compiling source file CObject.cpp)
C:\Users\wcat\Desktop\lolbase-imgui-10.16-master\LoL base\Engine.h(88,32): error C2065: 'oObjSpellBook': undeclared identifier (compiling source file CObject.cpp)
C:\Users\wcat\Desktop\lolbase-imgui-10.16-master\LoL base\Engine.h(91,1): error C3536: 'spellbook': cannot be used before it is initialized (compiling source file CObject.cpp)
C:\Users\wcat\Desktop\lolbase-imgui-10.16-master\LoL base\stdafx.h(12,10): fatal error C1083: Cannot open include file: 'd3dx9.h': No such file or directory (compiling source file LoL base.cpp)
C:\Users\wcat\Desktop\lolbase-imgui-10.16-master\LoL base\stdafx.h(12,10): fatal error C1083: Cannot open include file: 'd3dx9.h': No such file or directory (compiling source file stdafx.cpp)
